#
# There is insufficient memory for the Java Runtime Environment to continue.
# Native memory allocation (malloc) failed to allocate 1671728 bytes for Chunk::new
# Possible reasons:
#   The system is out of physical RAM or swap space
#   In 32 bit mode, the process size limit was hit
# Possible solutions:
#   Reduce memory load on the system
#   Increase physical memory or swap space
#   Check if swap backing store is full
#   Use 64 bit Java on a 64 bit OS
#   Decrease Java heap size (-Xmx/-Xms)
#   Decrease number of Java threads
#   Decrease Java thread stack sizes (-Xss)
#   Set larger code cache with -XX:ReservedCodeCacheSize=
# This output file may be truncated or incomplete.
#
#  Out of Memory Error (allocation.cpp:390), pid=16708, tid=0x0000000000003a14
#
# JRE version: Java(TM) SE Runtime Environment (8.0_171-b11) (build 1.8.0_171-b11)
# Java VM: Java HotSpot(TM) 64-Bit Server VM (25.171-b11 mixed mode windows-amd64 compressed oops)
# Failed to write core dump. Minidumps are not enabled by default on client versions of Windows
#

---------------  T H R E A D  ---------------

Current thread (0x00000000153ee000):  JavaThread "C2 CompilerThread0" daemon [_thread_in_native, id=14868, stack(0x0000000016d30000,0x0000000016e30000)]

Stack: [0x0000000016d30000,0x0000000016e30000]
[error occurred during error reporting (printing stack bounds), id 0xc0000005]

Native frames: (J=compiled Java code, j=interpreted, Vv=VM code, C=native code)


Current CompileTask:
C2:  13652 1617   !   4       java.net.URLClassLoader$1::run (63 bytes)


---------------  P R O C E S S  ---------------

Java Threads: ( => current thread )
  0x0000000017f6e000 JavaThread "elasticsearch[_client_][generic][T#3]" daemon [_thread_blocked, id=16816, stack(0x0000000020020000,0x0000000020120000)]
  0x0000000017f70800 JavaThread "elasticsearch[_client_][generic][T#2]" daemon [_thread_blocked, id=7584, stack(0x000000001ff20000,0x0000000020020000)]
  0x0000000017f6c800 JavaThread "elasticsearch[_client_][transport_client_boss][T#8]" daemon [_thread_in_native, id=12252, stack(0x000000001ee10000,0x000000001ef10000)]
  0x0000000017f6c000 JavaThread "elasticsearch[_client_][transport_client_boss][T#7]" daemon [_thread_in_native, id=17264, stack(0x000000001ed10000,0x000000001ee10000)]
  0x0000000017f6b000 JavaThread "elasticsearch[_client_][transport_client_boss][T#6]" daemon [_thread_in_native, id=17296, stack(0x000000001eb10000,0x000000001ec10000)]
  0x0000000017818000 JavaThread "elasticsearch[_client_][transport_client_boss][T#5]" daemon [_thread_in_native, id=16152, stack(0x000000001ea10000,0x000000001eb10000)]
  0x0000000019de3000 JavaThread "elasticsearch[_client_][transport_client_boss][T#4]" daemon [_thread_in_native, id=14956, stack(0x000000001c5b0000,0x000000001c6b0000)]
  0x00000000180b2800 JavaThread "elasticsearch[_client_][transport_client_boss][T#3]" daemon [_thread_in_native, id=16840, stack(0x000000001c4b0000,0x000000001c5b0000)]
  0x00000000186a0800 JavaThread "elasticsearch[_client_][transport_client_boss][T#2]" daemon [_thread_in_native, id=16944, stack(0x000000001afd0000,0x000000001b0d0000)]
  0x00000000184ab800 JavaThread "elasticsearch[_client_][generic][T#1]" daemon [_thread_blocked, id=16620, stack(0x000000001aed0000,0x000000001afd0000)]
  0x0000000018725800 JavaThread "threadDeathWatcher-2-1" daemon [_thread_blocked, id=17212, stack(0x000000001c920000,0x000000001ca20000)]
  0x0000000017ed1000 JavaThread "elasticsearch[_client_][transport_client_boss][T#1]" daemon [_thread_in_native, id=16352, stack(0x000000001b130000,0x000000001b230000)]
  0x0000000018a83800 JavaThread "elasticsearch[_client_][management][T#1]" daemon [_thread_blocked, id=16896, stack(0x000000001b240000,0x000000001b340000)]
  0x00000000187e5800 JavaThread "elasticsearch[_client_][scheduler][T#1]" daemon [_thread_blocked, id=16508, stack(0x000000001abd0000,0x000000001acd0000)]
  0x0000000018330000 JavaThread "elasticsearch[_client_][[timer]]" daemon [_thread_blocked, id=17376, stack(0x0000000019100000,0x0000000019200000)]
  0x00000000174f2000 JavaThread "ReaderThread" [_thread_in_native, id=15712, stack(0x0000000017a30000,0x0000000017b30000)]
  0x000000001542e800 JavaThread "Service Thread" daemon [_thread_blocked, id=15320, stack(0x0000000017030000,0x0000000017130000)]
  0x00000000153fd000 JavaThread "C1 CompilerThread2" daemon [_thread_blocked, id=10304, stack(0x0000000016f30000,0x0000000017030000)]
  0x00000000153f1000 JavaThread "C2 CompilerThread1" daemon [_thread_blocked, id=7156, stack(0x0000000016e30000,0x0000000016f30000)]
=>0x00000000153ee000 JavaThread "C2 CompilerThread0" daemon [_thread_in_native, id=14868, stack(0x0000000016d30000,0x0000000016e30000)]
  0x00000000153e1800 JavaThread "Attach Listener" daemon [_thread_blocked, id=5956, stack(0x0000000016c30000,0x0000000016d30000)]
  0x0000000016773800 JavaThread "Signal Dispatcher" daemon [_thread_blocked, id=5688, stack(0x0000000016b30000,0x0000000016c30000)]
  0x0000000002dba000 JavaThread "Finalizer" daemon [_thread_blocked, id=14636, stack(0x0000000016630000,0x0000000016730000)]
  0x0000000015399800 JavaThread "Reference Handler" daemon [_thread_blocked, id=13936, stack(0x0000000016530000,0x0000000016630000)]
  0x0000000002cc5800 JavaThread "main" [_thread_blocked, id=16636, stack(0x0000000002bc0000,0x0000000002cc0000)]

Other Threads:
  0x0000000015397000 VMThread [stack: 0x0000000016430000,0x0000000016530000] [id=17224]
  0x00000000167d6000 WatcherThread [stack: 0x0000000017130000,0x0000000017230000] [id=15456]

VM state:not at safepoint (normal execution)

VM Mutex/Monitor currently owned by a thread: None

Heap:
 PSYoungGen      total 105984K, used 78845K [0x00000000eb180000, 0x00000000f2180000, 0x0000000100000000)
  eden space 97792K, 74% used [0x00000000eb180000,0x00000000ef90dc28,0x00000000f1100000)
  from space 8192K, 68% used [0x00000000f1900000,0x00000000f1e71a00,0x00000000f2100000)
  to   space 8192K, 0% used [0x00000000f1100000,0x00000000f1100000,0x00000000f1900000)
 ParOldGen       total 34304K, used 23949K [0x00000000c1400000, 0x00000000c3580000, 0x00000000eb180000)
  object space 34304K, 69% used [0x00000000c1400000,0x00000000c2b63408,0x00000000c3580000)
 Metaspace       used 31018K, capacity 32292K, committed 32512K, reserved 1077248K
  class space    used 4168K, capacity 4598K, committed 4608K, reserved 1048576K

Card table byte_map: [0x0000000012180000,0x0000000012380000] byte_map_base: 0x0000000011b76000

Marking Bits: (ParMarkBitMap*) 0x000000006ccf08c0
 Begin Bits: [0x00000000128d0000, 0x0000000013880000)
 End Bits:   [0x0000000013880000, 0x0000000014830000)

Polling page: 0x00000000026e0000

CodeCache: size=245760Kb used=6049Kb max_used=6049Kb free=239710Kb
 bounds [0x0000000002dc0000, 0x00000000033b0000, 0x0000000011dc0000]
 total_blobs=2251 nmethods=1705 adapters=458
 compilation: enabled

Compilation events (10 events):
Event: 13.177 Thread 0x00000000153fd000 1717       3       java.nio.Buffer::<init> (121 bytes)
Event: 13.179 Thread 0x00000000153fd000 nmethod 1717 0x00000000033a7c90 code [0x00000000033a7f60, 0x00000000033a93e8]
Event: 13.183 Thread 0x00000000153fd000 1718       3       java.nio.Buffer::remaining (10 bytes)
Event: 13.184 Thread 0x00000000153fd000 nmethod 1718 0x00000000033a9d50 code [0x00000000033a9ea0, 0x00000000033a9ff0]
Event: 13.187 Thread 0x00000000153fd000 1719       3       java.nio.charset.CoderResult::isUnderflow (13 bytes)
Event: 13.187 Thread 0x00000000153fd000 nmethod 1719 0x00000000033aa050 code [0x00000000033aa1a0, 0x00000000033aa350]
Event: 13.187 Thread 0x00000000153fd000 1720       3       java.nio.ByteBuffer::array (35 bytes)
Event: 13.188 Thread 0x00000000153fd000 nmethod 1720 0x00000000033aa3d0 code [0x00000000033aa560, 0x00000000033aa898]
Event: 13.189 Thread 0x00000000153fd000 1721       3       java.lang.String::valueOf (14 bytes)
Event: 13.189 Thread 0x00000000153fd000 nmethod 1721 0x00000000033aa9d0 code [0x00000000033aab40, 0x00000000033aad88]

GC Heap History (10 events):
Event: 6.876 GC heap before
{Heap before GC invocations=5 (full 0):
 PSYoungGen      total 35328K, used 35298K [0x00000000eb180000, 0x00000000ed680000, 0x0000000100000000)
  eden space 32768K, 100% used [0x00000000eb180000,0x00000000ed180000,0x00000000ed180000)
  from space 2560K, 98% used [0x00000000ed400000,0x00000000ed678a20,0x00000000ed680000)
  to   space 2560K, 0% used [0x00000000ed180000,0x00000000ed180000,0x00000000ed400000)
 ParOldGen       total 44032K, used 3395K [0x00000000c1400000, 0x00000000c3f00000, 0x00000000eb180000)
  object space 44032K, 7% used [0x00000000c1400000,0x00000000c1750e10,0x00000000c3f00000)
 Metaspace       used 17026K, capacity 17708K, committed 17792K, reserved 1064960K
  class space    used 2172K, capacity 2370K, committed 2432K, reserved 1048576K
Event: 6.898 GC heap after
Heap after GC invocations=5 (full 0):
 PSYoungGen      total 35328K, used 2538K [0x00000000eb180000, 0x00000000efd80000, 0x0000000100000000)
  eden space 32768K, 0% used [0x00000000eb180000,0x00000000eb180000,0x00000000ed180000)
  from space 2560K, 99% used [0x00000000ed180000,0x00000000ed3faa30,0x00000000ed400000)
  to   space 6144K, 0% used [0x00000000ef780000,0x00000000ef780000,0x00000000efd80000)
 ParOldGen       total 44032K, used 7291K [0x00000000c1400000, 0x00000000c3f00000, 0x00000000eb180000)
  object space 44032K, 16% used [0x00000000c1400000,0x00000000c1b1eea8,0x00000000c3f00000)
 Metaspace       used 17026K, capacity 17708K, committed 17792K, reserved 1064960K
  class space    used 2172K, capacity 2370K, committed 2432K, reserved 1048576K
}
Event: 8.384 GC heap before
{Heap before GC invocations=6 (full 0):
 PSYoungGen      total 35328K, used 25673K [0x00000000eb180000, 0x00000000efd80000, 0x0000000100000000)
  eden space 32768K, 70% used [0x00000000eb180000,0x00000000ec817cd0,0x00000000ed180000)
  from space 2560K, 99% used [0x00000000ed180000,0x00000000ed3faa30,0x00000000ed400000)
  to   space 6144K, 0% used [0x00000000ef780000,0x00000000ef780000,0x00000000efd80000)
 ParOldGen       total 44032K, used 7291K [0x00000000c1400000, 0x00000000c3f00000, 0x00000000eb180000)
  object space 44032K, 16% used [0x00000000c1400000,0x00000000c1b1eea8,0x00000000c3f00000)
 Metaspace       used 20375K, capacity 21106K, committed 21296K, reserved 1067008K
  class space    used 2579K, capacity 2849K, committed 2944K, reserved 1048576K
Event: 8.405 GC heap after
Heap after GC invocations=6 (full 0):
 PSYoungGen      total 71168K, used 5874K [0x00000000eb180000, 0x00000000efe80000, 0x0000000100000000)
  eden space 65024K, 0% used [0x00000000eb180000,0x00000000eb180000,0x00000000ef100000)
  from space 6144K, 95% used [0x00000000ef780000,0x00000000efd3c850,0x00000000efd80000)
  to   space 6656K, 0% used [0x00000000ef100000,0x00000000ef100000,0x00000000ef780000)
 ParOldGen       total 44032K, used 7299K [0x00000000c1400000, 0x00000000c3f00000, 0x00000000eb180000)
  object space 44032K, 16% used [0x00000000c1400000,0x00000000c1b20ea8,0x00000000c3f00000)
 Metaspace       used 20375K, capacity 21106K, committed 21296K, reserved 1067008K
  class space    used 2579K, capacity 2849K, committed 2944K, reserved 1048576K
}
Event: 8.405 GC heap before
{Heap before GC invocations=7 (full 1):
 PSYoungGen      total 71168K, used 5874K [0x00000000eb180000, 0x00000000efe80000, 0x0000000100000000)
  eden space 65024K, 0% used [0x00000000eb180000,0x00000000eb180000,0x00000000ef100000)
  from space 6144K, 95% used [0x00000000ef780000,0x00000000efd3c850,0x00000000efd80000)
  to   space 6656K, 0% used [0x00000000ef100000,0x00000000ef100000,0x00000000ef780000)
 ParOldGen       total 44032K, used 7299K [0x00000000c1400000, 0x00000000c3f00000, 0x00000000eb180000)
  object space 44032K, 16% used [0x00000000c1400000,0x00000000c1b20ea8,0x00000000c3f00000)
 Metaspace       used 20375K, capacity 21106K, committed 21296K, reserved 1067008K
  class space    used 2579K, capacity 2849K, committed 2944K, reserved 1048576K
Event: 8.522 GC heap after
Heap after GC invocations=7 (full 1):
 PSYoungGen      total 71168K, used 0K [0x00000000eb180000, 0x00000000efe80000, 0x0000000100000000)
  eden space 65024K, 0% used [0x00000000eb180000,0x00000000eb180000,0x00000000ef100000)
  from space 6144K, 0% used [0x00000000ef780000,0x00000000ef780000,0x00000000efd80000)
  to   space 6656K, 0% used [0x00000000ef100000,0x00000000ef100000,0x00000000ef780000)
 ParOldGen       total 34304K, used 6763K [0x00000000c1400000, 0x00000000c3580000, 0x00000000eb180000)
  object space 34304K, 19% used [0x00000000c1400000,0x00000000c1a9adc0,0x00000000c3580000)
 Metaspace       used 20375K, capacity 21106K, committed 21296K, reserved 1067008K
  class space    used 2579K, capacity 2849K, committed 2944K, reserved 1048576K
}
Event: 11.136 GC heap before
{Heap before GC invocations=8 (full 1):
 PSYoungGen      total 71168K, used 65024K [0x00000000eb180000, 0x00000000efe80000, 0x0000000100000000)
  eden space 65024K, 100% used [0x00000000eb180000,0x00000000ef100000,0x00000000ef100000)
  from space 6144K, 0% used [0x00000000ef780000,0x00000000ef780000,0x00000000efd80000)
  to   space 6656K, 0% used [0x00000000ef100000,0x00000000ef100000,0x00000000ef780000)
 ParOldGen       total 34304K, used 6763K [0x00000000c1400000, 0x00000000c3580000, 0x00000000eb180000)
  object space 34304K, 19% used [0x00000000c1400000,0x00000000c1a9adc0,0x00000000c3580000)
 Metaspace       used 26095K, capacity 27126K, committed 27264K, reserved 1073152K
  class space    used 3474K, capacity 3877K, committed 3968K, reserved 1048576K
Event: 11.151 GC heap after
Heap after GC invocations=8 (full 1):
 PSYoungGen      total 71680K, used 6638K [0x00000000eb180000, 0x00000000f2100000, 0x0000000100000000)
  eden space 65024K, 0% used [0x00000000eb180000,0x00000000eb180000,0x00000000ef100000)
  from space 6656K, 99% used [0x00000000ef100000,0x00000000ef77bb18,0x00000000ef780000)
  to   space 8192K, 0% used [0x00000000f1900000,0x00000000f1900000,0x00000000f2100000)
 ParOldGen       total 34304K, used 7556K [0x00000000c1400000, 0x00000000c3580000, 0x00000000eb180000)
  object space 34304K, 22% used [0x00000000c1400000,0x00000000c1b613f8,0x00000000c3580000)
 Metaspace       used 26095K, capacity 27126K, committed 27264K, reserved 1073152K
  class space    used 3474K, capacity 3877K, committed 3968K, reserved 1048576K
}
Event: 12.851 GC heap before
{Heap before GC invocations=9 (full 1):
 PSYoungGen      total 71680K, used 63814K [0x00000000eb180000, 0x00000000f2100000, 0x0000000100000000)
  eden space 65024K, 87% used [0x00000000eb180000,0x00000000ee956010,0x00000000ef100000)
  from space 6656K, 99% used [0x00000000ef100000,0x00000000ef77bb18,0x00000000ef780000)
  to   space 8192K, 0% used [0x00000000f1900000,0x00000000f1900000,0x00000000f2100000)
 ParOldGen       total 34304K, used 7556K [0x00000000c1400000, 0x00000000c3580000, 0x00000000eb180000)
  object space 34304K, 22% used [0x00000000c1400000,0x00000000c1b613f8,0x00000000c3580000)
 Metaspace       used 30531K, capacity 31746K, committed 32000K, reserved 1077248K
  class space    used 4105K, capacity 4517K, committed 4608K, reserved 1048576K
Event: 12.876 GC heap after
Heap after GC invocations=9 (full 1):
 PSYoungGen      total 105984K, used 5574K [0x00000000eb180000, 0x00000000f2180000, 0x0000000100000000)
  eden space 97792K, 0% used [0x00000000eb180000,0x00000000eb180000,0x00000000f1100000)
  from space 8192K, 68% used [0x00000000f1900000,0x00000000f1e71a00,0x00000000f2100000)
  to   space 8192K, 0% used [0x00000000f1100000,0x00000000f1100000,0x00000000f1900000)
 ParOldGen       total 34304K, used 23949K [0x00000000c1400000, 0x00000000c3580000, 0x00000000eb180000)
  object space 34304K, 69% used [0x00000000c1400000,0x00000000c2b63408,0x00000000c3580000)
 Metaspace       used 30531K, capacity 31746K, committed 32000K, reserved 1077248K
  class space    used 4105K, capacity 4517K, committed 4608K, reserved 1048576K
}

Deoptimization events (10 events):
Event: 1.154 Thread 0x0000000002cc5800 Uncommon trap: reason=unstable_if action=reinterpret pc=0x0000000002ecda78 method=java.lang.String.hashCode()I @ 14
Event: 4.711 Thread 0x0000000002cc5800 Uncommon trap: reason=unstable_if action=reinterpret pc=0x0000000002f6a3b0 method=java.lang.String.indexOf([CII[CIII)I @ 3
Event: 4.814 Thread 0x0000000002cc5800 Uncommon trap: reason=range_check action=make_not_entrant pc=0x00000000030cc120 method=sun.reflect.generics.parser.SignatureParser.current()C @ 34
Event: 5.897 Thread 0x0000000002cc5800 Uncommon trap: reason=unstable_if action=reinterpret pc=0x0000000002fd9410 method=java.io.WinNTFileSystem.normalize(Ljava/lang/String;)Ljava/lang/String; @ 128
Event: 7.241 Thread 0x0000000002cc5800 Uncommon trap: reason=unstable_if action=reinterpret pc=0x000000000317496c method=jdk.internal.org.objectweb.asm.Type.getArgumentsAndReturnSizes(Ljava/lang/String;)I @ 41
Event: 8.311 Thread 0x0000000002cc5800 Uncommon trap: reason=unstable_if action=reinterpret pc=0x000000000310bacc method=java.util.HashMap.putVal(ILjava/lang/Object;Ljava/lang/Object;ZZ)Ljava/lang/Object; @ 236
Event: 8.527 Thread 0x0000000002cc5800 Uncommon trap: reason=unstable_if action=reinterpret pc=0x00000000030da2fc method=java.lang.CharacterDataLatin1.isWhitespace(I)Z @ 14
Event: 11.625 Thread 0x0000000002cc5800 Uncommon trap: reason=unstable_if action=reinterpret pc=0x0000000002f28298 method=sun.nio.cs.UTF_8$Encoder.encode([CII[B)I @ 33
Event: 12.185 Thread 0x0000000018a83800 Uncommon trap: reason=unstable_if action=reinterpret pc=0x00000000032f05c4 method=java.io.WinNTFileSystem.isLetter(C)Z @ 3
Event: 12.185 Thread 0x0000000018a83800 Uncommon trap: reason=unstable_if action=reinterpret pc=0x00000000032e63a4 method=java.io.WinNTFileSystem.prefixLength(Ljava/lang/String;)I @ 42

Classes redefined (0 events):
No events

Internal exceptions (10 events):
Event: 8.954 Thread 0x0000000002cc5800 Exception <a 'java/lang/IncompatibleClassChangeError': Found class java.lang.Object, but interface was expected> (0x00000000eb778760) thrown at [C:\re\workspace\8-2-build-windows-amd64-cygwin\jdk8u171\10807\hotspot\src\share\vm\interpreter\linkResolver.cp
Event: 9.691 Thread 0x0000000002cc5800 Exception <a 'java/lang/IncompatibleClassChangeError': Found class java.lang.Object, but interface was expected> (0x00000000ec821bf0) thrown at [C:\re\workspace\8-2-build-windows-amd64-cygwin\jdk8u171\10807\hotspot\src\share\vm\interpreter\linkResolver.cp
Event: 9.883 Thread 0x0000000002cc5800 Exception <a 'java/lang/IncompatibleClassChangeError': Found class java.lang.Object, but interface was expected> (0x00000000ecd3d070) thrown at [C:\re\workspace\8-2-build-windows-amd64-cygwin\jdk8u171\10807\hotspot\src\share\vm\interpreter\linkResolver.cp
Event: 9.972 Thread 0x0000000002cc5800 Exception <a 'java/lang/IncompatibleClassChangeError': Found class java.lang.Object, but interface was expected> (0x00000000ece355f8) thrown at [C:\re\workspace\8-2-build-windows-amd64-cygwin\jdk8u171\10807\hotspot\src\share\vm\interpreter\linkResolver.cp
Event: 11.305 Thread 0x0000000002cc5800 Exception <a 'java/lang/NoSuchMethodError': java.lang.Object.lambda$getClientActions$0(Lorg/elasticsearch/plugins/ActionPlugin$ActionHandler;)Lorg/elasticsearch/action/GenericAction;> (0x00000000eb53c970) thrown at [C:\re\workspace\8-2-build-windows-amd64
Event: 11.922 Thread 0x0000000002cc5800 Exception <a 'java/lang/NoSuchMethodError': java.lang.Object.lambda$newWriteableReader$0(Ljava/util/function/Supplier;Lorg/elasticsearch/common/io/stream/StreamInput;)Lorg/elasticsearch/common/io/stream/Streamable;> (0x00000000ebdeaa78) thrown at [C:\re\w
Event: 12.473 Thread 0x0000000018a83800 Exception <a 'java/lang/NoSuchMethodError': java.lang.Object.lambda$wrap$0(Ljava/lang/Runnable;Ljava/lang/Object;)V> (0x00000000ecb41898) thrown at [C:\re\workspace\8-2-build-windows-amd64-cygwin\jdk8u171\10807\hotspot\src\share\vm\interpreter\linkResolve
Event: 12.475 Thread 0x0000000018a83800 Exception <a 'java/lang/NoSuchMethodError': java.lang.Object.lambda$wrap$1(Ljava/lang/Runnable;Ljava/lang/Exception;)V> (0x00000000ecb4c7b8) thrown at [C:\re\workspace\8-2-build-windows-amd64-cygwin\jdk8u171\10807\hotspot\src\share\vm\interpreter\linkReso
Event: 12.476 Thread 0x0000000018a83800 Exception <a 'java/lang/NoSuchMethodError': java.lang.Object.lambda$toBiConsumer$2(Lorg/elasticsearch/action/ActionListener;Ljava/lang/Object;Ljava/lang/Throwable;)V> (0x00000000ecb58a68) thrown at [C:\re\workspace\8-2-build-windows-amd64-cygwin\jdk8u171\
Event: 13.073 Thread 0x0000000017f6b000 Exception <a 'java/lang/OutOfMemoryError'> (0x00000000ef709f48) thrown at [C:\re\workspace\8-2-build-windows-amd64-cygwin\jdk8u171\10807\hotspot\src\share\vm\prims\unsafe.cpp, line 634]

Events (10 events):
Event: 13.174 Thread 0x0000000017f6f000 Thread added: 0x0000000017f6f000
Event: 13.175 loading class java/lang/Throwable$WrappedPrintStream
Event: 13.176 loading class java/lang/Throwable$PrintStreamOrWriter
Event: 13.176 loading class java/lang/Throwable$PrintStreamOrWriter done
Event: 13.176 loading class java/lang/Throwable$WrappedPrintStream done
Event: 13.176 Executing VM operation: RevokeBias
Event: 13.177 Executing VM operation: RevokeBias done
Event: 13.193 Executing VM operation: RevokeBias
Event: 13.193 Executing VM operation: RevokeBias done
Event: 13.193 Thread 0x0000000017f6f000 Thread exited: 0x0000000017f6f000


Dynamic libraries:
0x00007ff63dfe0000 - 0x00007ff63e017000 	C:\Program Files\Java\jre1.8.0_171\bin\javaw.exe
0x00007ffbfa530000 - 0x00007ffbfa6d9000 	C:\Windows\SYSTEM32\ntdll.dll
0x00007ffbfa130000 - 0x00007ffbfa269000 	C:\Windows\system32\KERNEL32.DLL
0x00007ffbf7980000 - 0x00007ffbf7a8e000 	C:\Windows\system32\KERNELBASE.dll
0x00007ffbf8120000 - 0x00007ffbf81c5000 	C:\Windows\system32\ADVAPI32.dll
0x00007ffbfa280000 - 0x00007ffbfa3f1000 	C:\Windows\system32\USER32.dll
0x00007ffbf5890000 - 0x00007ffbf5aea000 	C:\Windows\WinSxS\amd64_microsoft.windows.common-controls_6595b64144ccf1df_6.0.9600.16384_none_62475f7becb72503\COMCTL32.dll
0x00007ffbf7fb0000 - 0x00007ffbf8057000 	C:\Windows\system32\msvcrt.dll
0x00007ffbf88b0000 - 0x00007ffbf8907000 	C:\Windows\SYSTEM32\sechost.dll
0x00007ffbf7e70000 - 0x00007ffbf7fa6000 	C:\Windows\system32\RPCRT4.dll
0x00007ffbf9fe0000 - 0x00007ffbfa125000 	C:\Windows\system32\GDI32.dll
0x00007ffbf8a40000 - 0x00007ffbf8a74000 	C:\Windows\system32\IMM32.DLL
0x00007ffbf9e90000 - 0x00007ffbf9fc9000 	C:\Windows\system32\MSCTF.dll
0x000000006cf40000 - 0x000000006d012000 	C:\Program Files\Java\jre1.8.0_171\bin\msvcr100.dll
0x000000006c4d0000 - 0x000000006cd70000 	C:\Program Files\Java\jre1.8.0_171\bin\server\jvm.dll
0x00007ffbf47d0000 - 0x00007ffbf47d9000 	C:\Windows\SYSTEM32\WSOCK32.dll
0x00007ffbedfd0000 - 0x00007ffbedfef000 	C:\Windows\SYSTEM32\WINMM.dll
0x00007ffbf0130000 - 0x00007ffbf013a000 	C:\Windows\SYSTEM32\VERSION.dll
0x00007ffbf89d0000 - 0x00007ffbf89d7000 	C:\Windows\system32\PSAPI.DLL
0x00007ffbf8060000 - 0x00007ffbf80b8000 	C:\Windows\system32\WS2_32.dll
0x00007ffbedfa0000 - 0x00007ffbedfca000 	C:\Windows\SYSTEM32\WINMMBASE.dll
0x00007ffbf9fd0000 - 0x00007ffbf9fd9000 	C:\Windows\system32\NSI.dll
0x00007ffbf7c70000 - 0x00007ffbf7cba000 	C:\Windows\SYSTEM32\cfgmgr32.dll
0x00007ffbf6730000 - 0x00007ffbf6756000 	C:\Windows\SYSTEM32\DEVOBJ.dll
0x000000006c3e0000 - 0x000000006c3ef000 	C:\Program Files\Java\jre1.8.0_171\bin\verify.dll
0x000000006c3b0000 - 0x000000006c3d9000 	C:\Program Files\Java\jre1.8.0_171\bin\java.dll
0x000000006c390000 - 0x000000006c3a6000 	C:\Program Files\Java\jre1.8.0_171\bin\zip.dll
0x00007ffbf8a80000 - 0x00007ffbf9e8d000 	C:\Windows\system32\SHELL32.dll
0x00007ffbf86d0000 - 0x00007ffbf88a7000 	C:\Windows\SYSTEM32\combase.dll
0x00007ffbfa4d0000 - 0x00007ffbfa521000 	C:\Windows\system32\SHLWAPI.dll
0x00007ffbf5ee0000 - 0x00007ffbf5f81000 	C:\Windows\SYSTEM32\SHCORE.dll
0x00007ffbf78b0000 - 0x00007ffbf78c4000 	C:\Windows\SYSTEM32\profapi.dll
0x000000006c370000 - 0x000000006c38a000 	C:\Program Files\Java\jre1.8.0_171\bin\net.dll
0x00007ffbf7110000 - 0x00007ffbf7168000 	C:\Windows\system32\mswsock.dll
0x000000006c310000 - 0x000000006c31d000 	C:\Program Files\Java\jre1.8.0_171\bin\management.dll
0x00007ffbf5090000 - 0x00007ffbf50b9000 	C:\Windows\SYSTEM32\IPHLPAPI.DLL
0x00007ffbf5210000 - 0x00007ffbf521a000 	C:\Windows\SYSTEM32\WINNSI.DLL
0x00007ffbf3b50000 - 0x00007ffbf3b64000 	C:\Windows\SYSTEM32\dhcpcsvc6.DLL
0x00007ffbf3b80000 - 0x00007ffbf3b99000 	C:\Windows\SYSTEM32\dhcpcsvc.DLL
0x00007ffbedf30000 - 0x00007ffbedf44000 	C:\Windows\system32\napinsp.dll
0x00007ffbee120000 - 0x00007ffbee139000 	C:\Windows\system32\pnrpnsp.dll
0x00007ffbf5690000 - 0x00007ffbf56a9000 	C:\Windows\system32\NLAapi.dll
0x00007ffbf6f20000 - 0x00007ffbf6fc3000 	C:\Windows\SYSTEM32\DNSAPI.dll
0x00007ffbee300000 - 0x00007ffbee30c000 	C:\Windows\System32\winrnr.dll
0x00007ffbee2e0000 - 0x00007ffbee2f3000 	C:\Windows\system32\wshbth.dll
0x00007ffbefae0000 - 0x00007ffbefae9000 	C:\Windows\System32\rasadhlp.dll
0x00007ffbf3c40000 - 0x00007ffbf3ca7000 	C:\Windows\System32\fwpuclnt.dll
0x000000006c350000 - 0x000000006c361000 	C:\Program Files\Java\jre1.8.0_171\bin\nio.dll
0x00007ffbf7170000 - 0x00007ffbf718e000 	C:\Windows\SYSTEM32\CRYPTSP.dll
0x00007ffbf6db0000 - 0x00007ffbf6de5000 	C:\Windows\system32\rsaenh.dll
0x00007ffbf73a0000 - 0x00007ffbf73c6000 	C:\Windows\SYSTEM32\bcrypt.dll
0x00007ffbf6ec0000 - 0x00007ffbf6edf000 	C:\Windows\SYSTEM32\USERENV.dll
0x00007ffbf7720000 - 0x00007ffbf777e000 	C:\Windows\system32\bcryptprimitives.dll
0x00007ffbf7780000 - 0x00007ffbf778a000 	C:\Windows\SYSTEM32\CRYPTBASE.dll

VM Arguments:
jvm_args: -ea -Dfile.encoding=UTF-8 
java_command: org.eclipse.jdt.internal.junit.runner.RemoteTestRunner -version 3 -port 14518 -testLoaderClass org.eclipse.jdt.internal.junit4.runner.JUnit4TestLoader -loaderpluginname org.eclipse.jdt.junit4.runtime -test cn.echo.utils.elasticsearch.EsUtilsTest:checkExists
java_class_path (initial): G:\eclipse_work\myWeb\target\test-classes;G:\eclipse_work\myWeb\target\classes;F:\maven\repo\c3p0\c3p0\0.9.1.2\c3p0-0.9.1.2.jar;F:\maven\repo\org\codehaus\jackson\jackson-core-asl\1.9.13\jackson-core-asl-1.9.13.jar;F:\maven\repo\org\codehaus\jackson\jackson-mapper-asl\1.9.13\jackson-mapper-asl-1.9.13.jar;F:\maven\repo\org\mybatis\mybatis-spring\1.3.1\mybatis-spring-1.3.1.jar;F:\maven\repo\mysql\mysql-connector-java\5.1.34\mysql-connector-java-5.1.34.jar;F:\maven\repo\org\springframework\spring-aop\3.2.2.RELEASE\spring-aop-3.2.2.RELEASE.jar;F:\maven\repo\aopalliance\aopalliance\1.0\aopalliance-1.0.jar;F:\maven\repo\org\aspectj\aspectjweaver\1.8.11\aspectjweaver-1.8.11.jar;F:\maven\repo\org\aopalliance\com.springsource.org.aopalliance\1.0.0\com.springsource.org.aopalliance-1.0.0.jar;F:\maven\repo\net\sourceforge\cglib\com.springsource.net.sf.cglib\2.1.3\com.springsource.net.sf.cglib-2.1.3.jar;F:\maven\repo\org\springframework\spring-core\3.2.2.RELEASE\spring-core-3.2.2.RELEASE.jar;F:\maven\repo\commons-logging\commons-logging\1.1.1\commons-logging-1.1.1.jar;F:\maven\repo\org\apache\commons\com.springsource.org.apache.commons.logging\1.1.1\com.springsource.org.apache.commons.logging-1.1.1.jar;F:\maven\repo\org\springframework\spring-beans\3.2.2.RELEASE\spring-beans-3.2.2.RELEASE.jar;F:\maven\repo\org\springframework\spring-context\3.2.2.RELEASE\spring-context-3.2.2.RELEASE.jar;F:\maven\repo\org\springframework\spring-expression\3.2.2.RELEASE\spring-expression-3.2.2.RELEASE.jar;F:\maven\repo\org\springframework\spring-test\3.2.2.RELEASE\spring-test-3.2.2.RELEASE.jar;F:\maven\repo\org\springframework\spring-orm\3.2.2.RELEASE\spring-orm-3.2.2.RELEASE.jar;F:\maven\repo\org\springframework\spring-tx\3.2.2.RELEASE\spring-tx-3.2.2.RELEASE.jar;F:\maven\repo\org\springframework\spring-jdbc\3.2.2.RELEASE\spring-jdbc-3.2.2.RELEASE.jar;F:\maven\repo\org\springframework\org.springframework.transaction\3.2.2.RELEASE\org.springframework.transaction-3.2.2.
Launcher Type: SUN_STANDARD

Environment Variables:
JAVA_HOME=C:\Program Files\Java\jre1.8.0_171
CLASSPATH=.;C:\Program Files\Java\jre1.8.0_171\lib;C:\Program Files\Java\jre1.8.0_171\lib\tools.jar;
PATH=C:/Program Files/Java/jre1.8.0_171/bin/server;C:/Program Files/Java/jre1.8.0_171/bin;C:/Program Files/Java/jre1.8.0_171/lib/amd64;C:\Program Files (x86)\Common Files\Oracle\Java\javapath;C:\Program Files\Java\jre1.8.0_171\bin;C:\Program Files\Java\jre1.8.0_171\bin;C:\Program Files (x86)\MySQL\MySQL Server 5.7\bin;G:\bee\apache-maven-3.0.5\bin;C:\Windows\system32;C:\Windows;C:\Windows\system32\wbem;F:\nodejs\;C:\Users\Administrator\AppData\Roaming\npm;C:\Users\Administrator\Desktop;
USERNAME=Administrator
OS=Windows_NT
PROCESSOR_IDENTIFIER=Intel64 Family 6 Model 69 Stepping 1, GenuineIntel



---------------  S Y S T E M  ---------------

OS: Windows 8.1 , 64 bit Build 9600 (6.3.9600.16656)

CPU:total 4 (initial active 4) (2 cores per cpu, 2 threads per core) family 6 model 69 stepping 1, cmov, cx8, fxsr, mmx, sse, sse2, sse3, ssse3, sse4.1, sse4.2, popcnt, avx, avx2, clmul, erms, lzcnt, ht, tsc, tscinvbit, bmi1, bmi2

Memory: 4k page, physical 4108724k(248684k free), swap 8303028k(6380k free)

vm_info: Java HotSpot(TM) 64-Bit Server VM (25.171-b11) for windows-amd64 JRE (1.8.0_171-b11), built on Mar 28 2018 16:06:12 by "java_re" with MS VC++ 10.0 (VS2010)

time: Thu Jun 07 17:26:18 2018
elapsed time: 13 seconds (0d 0h 0m 13s)

